Please enter the message: 
POST /RPC2 HTTP/1.0
Content-Type: application/xml
Content-Length: 154

<?xml version='1.0'?><methodCall><methodName>run_command1</methodName><params><param><value><string>ls -ltr</string></value></param></params></methodCall>

226
HTTP/1.0 200 OK
Server: BaseHTTP/0.3 Python/2.7.13
Date: Fri, 07 Apr 2017 04:17:24 GMT
Content-type: text/xml
Content-length: 431

<?xml version='1.0'?>
<methodResponse>
<params>
<param>
<value><array><data>
<value><string>total 16
-rw-r--r-- 1 source source  108 Mar 26 19:08 start_server.py
drwxr-xr-x 2 source source 4096 Mar 27 20:51 rpcserver
drwxr-xr-x 2 source source 4096 Apr  1 13:31 client
drwxr-xr-x 2 source source 4096 Apr  5 22:40 curl
</string></value>
<value><string></string></value>
</data></array></value>
</param>
</params>
</methodResponse>
